<?xml version="1.0" encoding="UTF-8" ?>
<testsuite errors="0" failures="0" hostname="ogoldberg-laptop" name="TekUserControllerTests" tests="1" time="0.049" timestamp="2009-12-19T04:29:18">
  <properties />
  <testcase classname="TekUserControllerTests" name="testSomething" time="0.049" />
  <system-out><![CDATA[--Output from testSomething--
]]></system-out>
  <system-err><![CDATA[--Output from testSomething--
]]></system-err>
</testsuite>
