<?xml version="1.0" encoding="UTF-8" ?>
<testsuite errors="0" failures="0" hostname="ogoldberg-laptop" name="TekUserTests" tests="1" time="0.011" timestamp="2009-12-19T04:29:18">
  <properties />
  <testcase classname="TekUserTests" name="testSomething" time="0.011" />
  <system-out><![CDATA[--Output from testSomething--
]]></system-out>
  <system-err><![CDATA[--Output from testSomething--
]]></system-err>
</testsuite>
